# JRE version: Java(TM) SE Runtime Environment (8.0_291-b10) (build 1.8.0_291-b10)
# Java VM: Java HotSpot(TM) 64-Bit Server VM (25.291-b10 mixed mode windows-amd64 compressed oops)
Heap:
 PSYoungGen      total 138240K, used 66653K [0x00000000e0000000, 0x00000000e8c00000, 0x0000000100000000)
  eden space 133120K, 46% used [0x00000000e0000000,0x00000000e3c19bd0,0x00000000e8200000)
  from space 5120K, 99% used [0x00000000e8200000,0x00000000e86fdbc0,0x00000000e8700000)
  to   space 5120K, 0% used [0x00000000e8700000,0x00000000e8700000,0x00000000e8c00000)
 ParOldGen       total 71168K, used 30640K [0x00000000a0000000, 0x00000000a4580000, 0x00000000e0000000)
  object space 71168K, 43% used [0x00000000a0000000,0x00000000a1dec330,0x00000000a4580000)
 Metaspace       used 52182K, capacity 54300K, committed 54400K, reserved 1095680K
  class space    used 7126K, capacity 7519K, committed 7552K, reserved 1048576K
GC Heap History (10 events):
Event: 12.970 GC heap before
{Heap before GC invocations=7 (full 1):
 PSYoungGen      total 138240K, used 133120K [0x00000000e0000000, 0x00000000e8c00000, 0x0000000100000000)
  eden space 133120K, 100% used [0x00000000e0000000,0x00000000e8200000,0x00000000e8200000)
  from space 5120K, 0% used [0x00000000e8200000,0x00000000e8200000,0x00000000e8700000)
  to   space 5120K, 0% used [0x00000000e8700000,0x00000000e8700000,0x00000000e8c00000)
 ParOldGen       total 52736K, used 7516K [0x00000000a0000000, 0x00000000a3380000, 0x00000000e0000000)
  object space 52736K, 14% used [0x00000000a0000000,0x00000000a07571d8,0x00000000a3380000)
 Metaspace       used 33212K, capacity 34188K, committed 34432K, reserved 1079296K
  class space    used 4635K, capacity 4875K, committed 4992K, reserved 1048576K
Event: 12.985 GC heap after
Heap after GC invocations=7 (full 1):
 PSYoungGen      total 138240K, used 5120K [0x00000000e0000000, 0x00000000e8c00000, 0x0000000100000000)
  eden space 133120K, 0% used [0x00000000e0000000,0x00000000e0000000,0x00000000e8200000)
  from space 5120K, 100% used [0x00000000e8700000,0x00000000e8c00000,0x00000000e8c00000)
  to   space 5120K, 0% used [0x00000000e8200000,0x00000000e8200000,0x00000000e8700000)
 ParOldGen       total 52736K, used 16456K [0x00000000a0000000, 0x00000000a3380000, 0x00000000e0000000)
  object space 52736K, 31% used [0x00000000a0000000,0x00000000a1012098,0x00000000a3380000)
 Metaspace       used 33212K, capacity 34188K, committed 34432K, reserved 1079296K
  class space    used 4635K, capacity 4875K, committed 4992K, reserved 1048576K
}
Event: 13.487 GC heap before
{Heap before GC invocations=8 (full 1):
 PSYoungGen      total 138240K, used 37403K [0x00000000e0000000, 0x00000000e8c00000, 0x0000000100000000)
  eden space 133120K, 24% used [0x00000000e0000000,0x00000000e1f86fd8,0x00000000e8200000)
  from space 5120K, 100% used [0x00000000e8700000,0x00000000e8c00000,0x00000000e8c00000)
  to   space 5120K, 0% used [0x00000000e8200000,0x00000000e8200000,0x00000000e8700000)
 ParOldGen       total 52736K, used 16456K [0x00000000a0000000, 0x00000000a3380000, 0x00000000e0000000)
  object space 52736K, 31% used [0x00000000a0000000,0x00000000a1012098,0x00000000a3380000)
 Metaspace       used 34315K, capacity 35354K, committed 35416K, reserved 1079296K
  class space    used 4819K, capacity 5086K, committed 5120K, reserved 1048576K
Event: 13.536 GC heap after
Heap after GC invocations=8 (full 1):
 PSYoungGen      total 138240K, used 5120K [0x00000000e0000000, 0x00000000e8c00000, 0x0000000100000000)
  eden space 133120K, 0% used [0x00000000e0000000,0x00000000e0000000,0x00000000e8200000)
  from space 5120K, 100% used [0x00000000e8200000,0x00000000e8700000,0x00000000e8700000)
  to   space 5120K, 0% used [0x00000000e8700000,0x00000000e8700000,0x00000000e8c00000)
 ParOldGen       total 52736K, used 18719K [0x00000000a0000000, 0x00000000a3380000, 0x00000000e0000000)
  object space 52736K, 35% used [0x00000000a0000000,0x00000000a1247c88,0x00000000a3380000)
 Metaspace       used 34315K, capacity 35354K, committed 35416K, reserved 1079296K
  class space    used 4819K, capacity 5086K, committed 5120K, reserved 1048576K
}
Event: 13.536 GC heap before
{Heap before GC invocations=9 (full 2):
 PSYoungGen      total 138240K, used 5120K [0x00000000e0000000, 0x00000000e8c00000, 0x0000000100000000)
  eden space 133120K, 0% used [0x00000000e0000000,0x00000000e0000000,0x00000000e8200000)
  from space 5120K, 100% used [0x00000000e8200000,0x00000000e8700000,0x00000000e8700000)
  to   space 5120K, 0% used [0x00000000e8700000,0x00000000e8700000,0x00000000e8c00000)
 ParOldGen       total 52736K, used 18719K [0x00000000a0000000, 0x00000000a3380000, 0x00000000e0000000)
  object space 52736K, 35% used [0x00000000a0000000,0x00000000a1247c88,0x00000000a3380000)
 Metaspace       used 34315K, capacity 35354K, committed 35416K, reserved 1079296K
  class space    used 4819K, capacity 5086K, committed 5120K, reserved 1048576K
Event: 13.613 GC heap after
Heap after GC invocations=9 (full 2):
 PSYoungGen      total 138240K, used 0K [0x00000000e0000000, 0x00000000e8c00000, 0x0000000100000000)
  eden space 133120K, 0% used [0x00000000e0000000,0x00000000e0000000,0x00000000e8200000)
  from space 5120K, 0% used [0x00000000e8200000,0x00000000e8200000,0x00000000e8700000)
  to   space 5120K, 0% used [0x00000000e8700000,0x00000000e8700000,0x00000000e8c00000)
 ParOldGen       total 71168K, used 15873K [0x00000000a0000000, 0x00000000a4580000, 0x00000000e0000000)
  object space 71168K, 22% used [0x00000000a0000000,0x00000000a0f804d8,0x00000000a4580000)
 Metaspace       used 34315K, capacity 35354K, committed 35416K, reserved 1079296K
  class space    used 4819K, capacity 5086K, committed 5120K, reserved 1048576K
}
Event: 18.659 GC heap before
{Heap before GC invocations=10 (full 2):
 PSYoungGen      total 138240K, used 133120K [0x00000000e0000000, 0x00000000e8c00000, 0x0000000100000000)
  eden space 133120K, 100% used [0x00000000e0000000,0x00000000e8200000,0x00000000e8200000)
  from space 5120K, 0% used [0x00000000e8200000,0x00000000e8200000,0x00000000e8700000)
  to   space 5120K, 0% used [0x00000000e8700000,0x00000000e8700000,0x00000000e8c00000)
 ParOldGen       total 71168K, used 15873K [0x00000000a0000000, 0x00000000a4580000, 0x00000000e0000000)
  object space 71168K, 22% used [0x00000000a0000000,0x00000000a0f804d8,0x00000000a4580000)
 Metaspace       used 38422K, capacity 39998K, committed 40064K, reserved 1083392K
  class space    used 5381K, capacity 5702K, committed 5760K, reserved 1048576K
Event: 18.699 GC heap after
Heap after GC invocations=10 (full 2):
 PSYoungGen      total 138240K, used 5088K [0x00000000e0000000, 0x00000000e8c00000, 0x0000000100000000)
  eden space 133120K, 0% used [0x00000000e0000000,0x00000000e0000000,0x00000000e8200000)
  from space 5120K, 99% used [0x00000000e8700000,0x00000000e8bf83a0,0x00000000e8c00000)
  to   space 5120K, 0% used [0x00000000e8200000,0x00000000e8200000,0x00000000e8700000)
 ParOldGen       total 71168K, used 17461K [0x00000000a0000000, 0x00000000a4580000, 0x00000000e0000000)
  object space 71168K, 24% used [0x00000000a0000000,0x00000000a110d7a8,0x00000000a4580000)
 Metaspace       used 38422K, capacity 39998K, committed 40064K, reserved 1083392K
  class space    used 5381K, capacity 5702K, committed 5760K, reserved 1048576K
}
Event: 22.174 GC heap before
{Heap before GC invocations=11 (full 2):
 PSYoungGen      total 138240K, used 138208K [0x00000000e0000000, 0x00000000e8c00000, 0x0000000100000000)
  eden space 133120K, 100% used [0x00000000e0000000,0x00000000e8200000,0x00000000e8200000)
  from space 5120K, 99% used [0x00000000e8700000,0x00000000e8bf83a0,0x00000000e8c00000)
  to   space 5120K, 0% used [0x00000000e8200000,0x00000000e8200000,0x00000000e8700000)
 ParOldGen       total 71168K, used 17461K [0x00000000a0000000, 0x00000000a4580000, 0x00000000e0000000)
  object space 71168K, 24% used [0x00000000a0000000,0x00000000a110d7a8,0x00000000a4580000)
 Metaspace       used 51512K, capacity 53520K, committed 53760K, reserved 1095680K
  class space    used 7015K, capacity 7366K, committed 7424K, reserved 1048576K
Event: 22.199 GC heap after
Heap after GC invocations=11 (full 2):
 PSYoungGen      total 138240K, used 5110K [0x00000000e0000000, 0x00000000e8c00000, 0x0000000100000000)
  eden space 133120K, 0% used [0x00000000e0000000,0x00000000e0000000,0x00000000e8200000)
  from space 5120K, 99% used [0x00000000e8200000,0x00000000e86fdbc0,0x00000000e8700000)
  to   space 5120K, 0% used [0x00000000e8700000,0x00000000e8700000,0x00000000e8c00000)
 ParOldGen       total 71168K, used 30640K [0x00000000a0000000, 0x00000000a4580000, 0x00000000e0000000)
  object space 71168K, 43% used [0x00000000a0000000,0x00000000a1dec330,0x00000000a4580000)
 Metaspace       used 51512K, capacity 53520K, committed 53760K, reserved 1095680K
  class space    used 7015K, capacity 7366K, committed 7424K, reserved 1048576K
}

